<?xml version="1.0" encoding="UTF-8"?>
<!-- Generated by org.testng.reporters.JUnitXMLReporter -->
<testsuite ignored="7" hostname="LAPTOP-Q08K87KM" failures="0" tests="3" name="Test" time="0.037" errors="0" timestamp="2021-06-23T19:32:22 IST">
  <testcase classname="com.actitime.testscript.CustomerModule" name="CreateCustomer" time="0.005"/>
  <testcase classname="com.actitime.testscript.CustomerModule" name="DeleteCustomer" time="0.001"/>
  <testcase classname="com.actitime.testscript.CustomerModule" name="ModifyCustomer" time="0.0"/>
  <testcase classname="qsp.Testdemo" name="CreateCustomer" time="0.0">
    <ignored/>
  </testcase> <!-- CreateCustomer -->
  <testcase classname="com.actitime.testscript.TaskModule" name="createTask" time="0.0">
    <ignored/>
  </testcase> <!-- createTask -->
  <testcase classname="qsp.demoTest" name="demoC" time="0.0">
    <ignored/>
  </testcase> <!-- demoC -->
  <testcase classname="qsp.demoTest" name="demoA" time="0.0">
    <ignored/>
  </testcase> <!-- demoA -->
  <testcase classname="qsp.Testdemo" name="ModifyCustomer" time="0.0">
    <ignored/>
  </testcase> <!-- ModifyCustomer -->
  <testcase classname="qsp.demoTest" name="demoB" time="0.0">
    <ignored/>
  </testcase> <!-- demoB -->
  <testcase classname="qsp.Testdemo" name="DeleteCustomer" time="0.0">
    <ignored/>
  </testcase> <!-- DeleteCustomer -->
</testsuite> <!-- Test -->
