<?xml version="1.0" encoding="UTF-8"?>
<testng-results ignored="0" total="2" passed="2" failed="0" skipped="0">
  <reporter-output>
  </reporter-output>
  <suite started-at="2021-07-06T20:18:23 IST" name="Default suite" finished-at="2021-07-06T20:18:46 IST" duration-ms="22856">
    <groups>
    </groups>
    <test started-at="2021-07-06T20:18:23 IST" name="Default test" finished-at="2021-07-06T20:18:46 IST" duration-ms="22856">
      <class name="com.actitime.testscript.InvalidLogin">
        <test-method signature="testlogin(java.lang.String,java.lang.String)[pri:0, instance:com.actitime.testscript.InvalidLogin@702b8b12]" started-at="2021-07-06T20:18:23 IST" name="testlogin" data-provider="getlogin" finished-at="2021-07-06T20:18:35 IST" duration-ms="11666" status="PASS">
          <params>
            <param index="0">
              <value>
                <![CDATA[admin1]]>
              </value>
            </param>
            <param index="1">
              <value>
                <![CDATA[manager1]]>
              </value>
            </param>
          </params>
          <reporter-output>
          </reporter-output>
        </test-method> <!-- testlogin -->
        <test-method signature="testlogin(java.lang.String,java.lang.String)[pri:0, instance:com.actitime.testscript.InvalidLogin@702b8b12]" started-at="2021-07-06T20:18:35 IST" name="testlogin" data-provider="getlogin" finished-at="2021-07-06T20:18:46 IST" duration-ms="11154" status="PASS">
          <params>
            <param index="0">
              <value>
                <![CDATA[admin2]]>
              </value>
            </param>
            <param index="1">
              <value>
                <![CDATA[manager2]]>
              </value>
            </param>
          </params>
          <reporter-output>
          </reporter-output>
        </test-method> <!-- testlogin -->
      </class> <!-- com.actitime.testscript.InvalidLogin -->
    </test> <!-- Default test -->
  </suite> <!-- Default suite -->
</testng-results>
